<?xml version="1.0" encoding="UTF-8"?>
<!-- Generated by org.testng.reporters.JUnitXMLReporter -->
<testsuite hostname="WELCOME-PC" ignored="2" tests="1" failures="1" timestamp="27 Dec 2019 17:32:37 GMT" time="4.151" errors="0">
  <testcase name="@AfterTest killDriver" time="0.0" classname="TestClass">
    <failure type="java.lang.NullPointerException">
      <![CDATA[java.lang.NullPointerException
at TestClass.killDriver(TestClass.java:35)
... Removed 34 stack frames]]>
    </failure>
  </testcase> <!-- @AfterTest killDriver -->
  <testcase name="LaunchSite" time="0.001" classname="TestClass">
    <failure type="java.lang.NullPointerException">
      <![CDATA[java.lang.NullPointerException
at TestClass.LaunchSite(TestClass.java:26)
... Removed 35 stack frames]]>
    </failure>
  </testcase> <!-- LaunchSite -->
  <testcase name="@BeforeTest initDockerRun" time="0.0" classname="TestBase">
    <ignored/>
  </testcase> <!-- @BeforeTest initDockerRun -->
  <testcase name="@BeforeTest initLocal" time="0.0" classname="TestBase">
    <ignored/>
  </testcase> <!-- @BeforeTest initLocal -->
</testsuite>
