<?xml version="1.0" encoding="UTF-8" ?>
<testsuite tests="2" failures="2" name="TestSuite" time="0.03" errors="0" skipped="0">
  <properties>
[...]
</properties>
  <testcase classname="TestClass" name="LaunchSite" time="0.013">
    <failure type="java.lang.NullPointerException">java.lang.NullPointerException
	at TestClass.LaunchSite(TestClass.java:26)
</failure>
    <system-out>Configuring TestNG with: org.apache.maven.surefire.testng.conf.TestNG652Configurator@bb4df8
</system-out>
    <system-err>SLF4J: Failed to load class &quot;org.slf4j.impl.StaticLoggerBinder&quot;.
SLF4J: Defaulting to no-operation (NOP) logger implementation
SLF4J: See http://www.slf4j.org/codes.html#StaticLoggerBinder for further details.
Dec 27, 2019 11:02:33 PM java.util.prefs.WindowsPreferences &lt;init&gt;
WARNING: Could not open/create prefs root node Software\JavaSoft\Prefs at root 0x80000002. Windows RegCreateKeyEx(...) returned error code 5.
Starting ChromeDriver 79.0.3945.36 (3582db32b33893869b8c1339e8f4d9ed1816f143-refs/branch-heads/3945@{#614}) on port 42417
Only local connections are allowed.
Please protect ports used by ChromeDriver and related test frameworks to prevent access by malicious code.
Dec 27, 2019 11:02:37 PM org.openqa.selenium.remote.ProtocolHandshake createSession
INFO: Detected dialect: W3C
</system-err>
  </testcase>
  <testcase classname="TestClass" name="killDriver" time="0.017">
    <failure type="java.lang.NullPointerException">java.lang.NullPointerException
	at TestClass.killDriver(TestClass.java:35)
</failure>
  </testcase>
</testsuite>